<?xml version="1.0" encoding="UTF-8"?>
<!-- Generated by org.testng.reporters.JUnitReportReporter -->
<testsuite hostname="Uzzal_Das" failures="0" tests="5" name="framework.testng.test.RunFailedTestCase" time="0.016" errors="0" timestamp="2023-05-15T19:29:00 EDT" skipped="0">
  <testcase classname="framework.testng.test.RunFailedTestCase" name="getLogout" time="0.001"/>
  <system-out/>
  <testcase classname="framework.testng.test.RunFailedTestCase" name="getUrl" time="0.001"/>
  <system-out/>
  <testcase classname="framework.testng.test.RunFailedTestCase" name="getLogin" time="0.011"/>
  <system-out/>
  <testcase classname="framework.testng.test.RunFailedTestCase" name="getPass" time="0.001"/>
  <system-out/>
  <testcase classname="framework.testng.test.RunFailedTestCase" name="getUser" time="0.002"/>
  <system-out/>
</testsuite> <!-- framework.testng.test.RunFailedTestCase -->
