<?xml version="1.0" encoding="UTF-8"?>
<!-- Generated by org.testng.reporters.JUnitReportReporter -->
<testsuite hostname="Uzzal_Das" failures="0" tests="1" name="coading.challanges.BreakAndContinue" time="0.009" errors="0" timestamp="2023-05-26T16:22:56 EDT" skipped="0">
  <testcase classname="coading.challanges.BreakAndContinue" name="getBreakLoop" time="0.009"/>
  <system-out/>
</testsuite> <!-- coading.challanges.BreakAndContinue -->
