<?xml version="1.0" encoding="UTF-8"?>
<!-- Generated by org.testng.reporters.JUnitReportReporter -->
<testsuite hostname="Uzzal_Das" failures="0" tests="1" name="coading.challanges.RevoveDup" time="0.012" errors="0" timestamp="2023-06-08T22:49:55 EDT" skipped="0">
  <testcase classname="coading.challanges.RevoveDup" name="getSalary" time="0.012"/>
  <system-out/>
</testsuite> <!-- coading.challanges.RevoveDup -->
