<?xml version="1.0" encoding="UTF-8"?>
<!-- Generated by org.testng.reporters.JUnitReportReporter -->
<testsuite hostname="Uzzal_Das" failures="0" tests="1" name="coading.challanges.MaxAndMin" time="0.008" errors="0" timestamp="2023-06-10T19:16:30 EDT" skipped="0">
  <testcase classname="coading.challanges.MaxAndMin" name="getMin" time="0.008"/>
  <system-out/>
</testsuite> <!-- coading.challanges.MaxAndMin -->
