<?xml version="1.0" encoding="UTF-8"?>
<!-- Generated by org.testng.reporters.JUnitReportReporter -->
<testsuite hostname="Uzzal_Das" failures="0" tests="1" name="coading.challanges.MergeTwoArray" time="0.008" errors="0" timestamp="2023-06-08T01:21:13 EDT" skipped="0">
  <testcase classname="coading.challanges.MergeTwoArray" name="getName" time="0.008"/>
  <system-out/>
</testsuite> <!-- coading.challanges.MergeTwoArray -->
