<?xml version="1.0" encoding="UTF-8"?>
<!-- Generated by org.testng.reporters.JUnitReportReporter -->
<testsuite hostname="Uzzal_Das" failures="0" tests="4" name="framework.testng.test.PriorityTest" time="0.006" errors="0" timestamp="2023-05-14T13:23:35 EDT" skipped="0">
  <testcase classname="framework.testng.test.PriorityTest" name="methodD" time="0.005"/>
  <system-out/>
  <testcase classname="framework.testng.test.PriorityTest" name="methodC" time="0.001"/>
  <system-out/>
  <testcase classname="framework.testng.test.PriorityTest" name="methodB" time="0.000"/>
  <system-out/>
  <testcase classname="framework.testng.test.PriorityTest" name="methodA" time="0.000"/>
  <system-out/>
</testsuite> <!-- framework.testng.test.PriorityTest -->
