<?xml version="1.0" encoding="UTF-8"?>
<!-- Generated by org.testng.reporters.JUnitReportReporter -->
<testsuite hostname="Uzzal_Das" failures="0" tests="1" name="coading.challanges.ConverStringToInt" time="0.011" errors="0" timestamp="2023-06-20T20:34:10 EDT" skipped="0">
  <testcase classname="coading.challanges.ConverStringToInt" name="convertIntToString" time="0.011"/>
  <system-out/>
</testsuite> <!-- coading.challanges.ConverStringToInt -->
