<?xml version="1.0" encoding="UTF-8"?>
<!-- Generated by org.testng.reporters.JUnitReportReporter -->
<testsuite hostname="Uzzal_Das" failures="0" tests="4" name="framework.testng.test.EnableTrueFalse" time="0.011" errors="0" timestamp="2023-05-14T23:27:39 EDT" skipped="1">
  <testcase classname="framework.testng.test.EnableTrueFalse" name="methodA" time="0.009"/>
  <system-out/>
  <testcase classname="framework.testng.test.EnableTrueFalse" name="methodD" time="0.001"/>
  <system-out/>
  <testcase classname="framework.testng.test.EnableTrueFalse" name="methodB" time="0.001"/>
  <system-out/>
  <testcase classname="framework.testng.test.EnableTrueFalse" name="methodC">
    <skipped/>
  </testcase> <!-- methodC -->
  <system-out/>
</testsuite> <!-- framework.testng.test.EnableTrueFalse -->
