<?xml version="1.0" encoding="UTF-8"?>
<!-- Generated by org.testng.reporters.JUnitReportReporter -->
<testsuite hostname="Uzzal_Das" failures="0" tests="1" name="MergeTwoArray" time="0.015" errors="0" timestamp="2023-06-04T22:57:43 EDT" skipped="0">
  <testcase classname="MergeTwoArray" name="getTwoArrayMerge" time="0.015"/>
  <system-out/>
</testsuite> <!-- MergeTwoArray -->
