<?xml version="1.0" encoding="UTF-8"?>
<!-- Generated by org.testng.reporters.JUnitReportReporter -->
<testsuite hostname="Uzzal_Das" failures="0" tests="3" name="framework.testng.test.DependsOnMethod" time="0.006" errors="0" timestamp="2023-05-16T22:41:31 EDT" skipped="0">
  <testcase classname="framework.testng.test.DependsOnMethod" name="getlogout" time="0.000"/>
  <system-out/>
  <testcase classname="framework.testng.test.DependsOnMethod" name="OpenBrowser" time="0.005"/>
  <system-out/>
  <testcase classname="framework.testng.test.DependsOnMethod" name="getLoggin" time="0.001"/>
  <system-out/>
</testsuite> <!-- framework.testng.test.DependsOnMethod -->
