<?xml version="1.0" encoding="UTF-8"?>
<!-- Generated by org.testng.reporters.JUnitReportReporter -->
<testsuite hostname="Uzzal_Das" failures="0" tests="1" name="coading.review.inter.InterviewCoad" time="0.007" errors="0" timestamp="2023-06-13T20:57:38 EDT" skipped="0">
  <testcase classname="coading.review.inter.InterviewCoad" name="getAllNum" time="0.007"/>
  <system-out/>
</testsuite> <!-- coading.review.inter.InterviewCoad -->
