<?xml version="1.0" encoding="UTF-8"?>
<!-- Generated by org.testng.reporters.JUnitReportReporter -->
<testsuite hostname="Uzzal_Das" failures="0" tests="1" name="coading.challanges.SecondHighNumber" time="0.015" errors="0" timestamp="2023-06-12T18:55:55 EDT" skipped="0">
  <testcase classname="coading.challanges.SecondHighNumber" name="getThirdHighVal" time="0.015"/>
  <system-out/>
</testsuite> <!-- coading.challanges.SecondHighNumber -->
