<?xml version="1.0" encoding="UTF-8"?>
<!-- Generated by org.testng.reporters.JUnitReportReporter -->
<testsuite hostname="Uzzal_Das" failures="0" tests="1" name="coading.challanges.SplitWords" time="0.015" errors="0" timestamp="2023-06-05T22:00:01 EDT" skipped="0">
  <testcase classname="coading.challanges.SplitWords" name="getLine" time="0.015"/>
  <system-out/>
</testsuite> <!-- coading.challanges.SplitWords -->
