<?xml version="1.0" encoding="UTF-8"?>
<!-- Generated by org.testng.reporters.JUnitReportReporter -->
<testsuite hostname="Uzzal_Das" failures="0" tests="4" name="framework.testng.test.TestDataProvider" time="20.313" errors="0" timestamp="2023-05-18T00:17:31 EDT" skipped="0">
  <testcase classname="framework.testng.test.TestDataProvider" name="getLogin" time="6.334"/>
  <system-out/>
  <testcase classname="framework.testng.test.TestDataProvider" name="getLogin" time="4.357"/>
  <system-out/>
  <testcase classname="framework.testng.test.TestDataProvider" name="getLogin" time="4.954"/>
  <system-out/>
  <testcase classname="framework.testng.test.TestDataProvider" name="getLogin" time="4.668"/>
  <system-out/>
</testsuite> <!-- framework.testng.test.TestDataProvider -->
