<?xml version="1.0" encoding="UTF-8"?>
<!-- Generated by org.testng.reporters.JUnitReportReporter -->
<testsuite hostname="Uzzal_Das" failures="0" tests="1" name="coading.challanges.TempRev" time="0.020" errors="0" timestamp="2023-06-05T19:42:42 EDT" skipped="0">
  <testcase classname="coading.challanges.TempRev" name="getNumRev" time="0.020"/>
  <system-out/>
</testsuite> <!-- coading.challanges.TempRev -->
