<?xml version="1.0" encoding="UTF-8"?>
<!-- Generated by org.testng.reporters.JUnitReportReporter -->
<testsuite hostname="Uzzal_Das" failures="0" tests="1" name="coading.challanges.ReverseString" time="0.007" errors="0" timestamp="2023-06-08T22:35:50 EDT" skipped="0">
  <testcase classname="coading.challanges.ReverseString" name="getReverseTeacher" time="0.007"/>
  <system-out/>
</testsuite> <!-- coading.challanges.ReverseString -->
