<?xml version="1.0" encoding="UTF-8"?>
<!-- Generated by org.testng.reporters.JUnitReportReporter -->
<testsuite hostname="Uzzal_Das" failures="0" tests="1" name="test.Runner.FunctionalRunnerClass" time="9.824" errors="0" timestamp="2023-06-20T17:21:32 EDT" skipped="0">
  <testcase classname="test.Runner.FunctionalRunnerClass" name="runScenario" time="9.824"/>
  <system-out/>
</testsuite> <!-- test.Runner.FunctionalRunnerClass -->
