<?xml version="1.0" encoding="UTF-8"?>
<!-- Generated by org.testng.reporters.JUnitReportReporter -->
<testsuite hostname="Uzzal_Das" failures="0" tests="1" name="framework.testng.test.SanityParallel" time="6.200" errors="0" timestamp="2023-05-28T15:31:04 EDT" skipped="0">
  <testcase classname="framework.testng.test.SanityParallel" name="sanityTest" time="6.200"/>
  <system-out/>
</testsuite> <!-- framework.testng.test.SanityParallel -->
