<?xml version="1.0" encoding="UTF-8"?>
<!-- Generated by org.testng.reporters.JUnitReportReporter -->
<testsuite hostname="Uzzal_Das" failures="0" tests="4" name="framework.testng.test.ParallalTesting" time="3.681" errors="0" timestamp="2023-05-28T15:31:47 EDT" skipped="3">
  <testcase classname="framework.testng.test.ParallalTesting" name="regressionTest" time="3.681"/>
  <system-out/>
  <testcase classname="framework.testng.test.ParallalTesting" name="sanityTest">
    <skipped/>
  </testcase> <!-- sanityTest -->
  <system-out/>
  <testcase classname="framework.testng.test.ParallalTesting" name="functionalTest">
    <skipped/>
  </testcase> <!-- functionalTest -->
  <system-out/>
  <testcase classname="framework.testng.test.ParallalTesting" name="smokeTest">
    <skipped/>
  </testcase> <!-- smokeTest -->
  <system-out/>
</testsuite> <!-- framework.testng.test.ParallalTesting -->
