<?xml version="1.0" encoding="UTF-8"?>
<!-- Generated by org.testng.reporters.JUnitReportReporter -->
<testsuite hostname="Uzzal_Das" failures="0" tests="1" name="coading.review.inter.StringReverse" time="0.008" errors="0" timestamp="2023-06-20T19:59:07 EDT" skipped="0">
  <testcase classname="coading.review.inter.StringReverse" name="getReverse" time="0.008"/>
  <system-out/>
</testsuite> <!-- coading.review.inter.StringReverse -->
