<?xml version="1.0" encoding="UTF-8"?>
<!-- Generated by org.testng.reporters.JUnitReportReporter -->
<testsuite hostname="Uzzal_Das" failures="0" tests="1" name="coading.challanges.RevoveDup" time="0.005" errors="0" timestamp="2023-06-15T14:43:14 EDT" skipped="0">
  <testcase classname="coading.challanges.RevoveDup" name="getSalary" time="0.005"/>
  <system-out/>
</testsuite> <!-- coading.challanges.RevoveDup -->
