<?xml version="1.0" encoding="UTF-8"?>
<!-- Generated by org.testng.reporters.JUnitReportReporter -->
<testsuite hostname="Uzzal_Das" failures="0" tests="1" name="coading.challanges.SortData" time="0.008" errors="0" timestamp="2023-06-08T20:34:29 EDT" skipped="0">
  <testcase classname="coading.challanges.SortData" name="getSortnames" time="0.008"/>
  <system-out/>
</testsuite> <!-- coading.challanges.SortData -->
