<?xml version="1.0" encoding="UTF-8"?>
<!-- Generated by org.testng.reporters.JUnitReportReporter -->
<testsuite hostname="Uzzal_Das" failures="0" tests="1" name="coading.challanges.OddAndEvenNum" time="0.009" errors="0" timestamp="2023-06-08T22:26:45 EDT" skipped="0">
  <testcase classname="coading.challanges.OddAndEvenNum" name="getEvenNumber" time="0.009"/>
  <system-out/>
</testsuite> <!-- coading.challanges.OddAndEvenNum -->
