<?xml version="1.0" encoding="UTF-8"?>
<!-- Generated by org.testng.reporters.JUnitReportReporter -->
<testsuite hostname="Uzzal_Das" failures="0" tests="1" name="coading.review.inter.contain" time="0.008" errors="0" timestamp="2023-06-20T20:58:27 EDT" skipped="0">
  <testcase classname="coading.review.inter.contain" name="dividedNum" time="0.008"/>
  <system-out/>
</testsuite> <!-- coading.review.inter.contain -->
