<?xml version="1.0" encoding="UTF-8"?>
<!-- Generated by org.testng.reporters.JUnitReportReporter -->
<testsuite hostname="Uzzal_Das" failures="0" tests="1" name="framework.testng.test.BasicAnnotation" time="0.010" errors="0" timestamp="2023-06-15T12:17:20 EDT" skipped="0">
  <testcase classname="framework.testng.test.BasicAnnotation" name="getTest" time="0.010"/>
  <system-out/>
</testsuite> <!-- framework.testng.test.BasicAnnotation -->
