<?xml version="1.0" encoding="UTF-8"?>
<!-- Generated by org.testng.reporters.JUnitReportReporter -->
<testsuite hostname="Uzzal_Das" failures="0" tests="1" name="coading.review.inter.FindWebEle" time="2.245" errors="0" timestamp="2023-06-15T13:51:20 EDT" skipped="0">
  <testcase classname="coading.review.inter.FindWebEle" name="getwebEle" time="2.245"/>
  <system-out/>
</testsuite> <!-- coading.review.inter.FindWebEle -->
