<?xml version="1.0" encoding="UTF-8"?>
<!-- Generated by org.testng.reporters.JUnitReportReporter -->
<testsuite hostname="Uzzal_Das" failures="0" tests="1" name="coading.review.inter.JoinTwoString" time="0.007" errors="0" timestamp="2023-06-18T00:44:08 EDT" skipped="0">
  <testcase classname="coading.review.inter.JoinTwoString" name="getSplit" time="0.007"/>
  <system-out/>
</testsuite> <!-- coading.review.inter.JoinTwoString -->
