<?xml version="1.0" encoding="UTF-8"?>
<!-- Generated by org.testng.reporters.JUnitReportReporter -->
<testsuite hostname="Uzzal_Das" failures="0" tests="5" name="framework.testng.test.InvocationCountTest" time="9.545" errors="0" timestamp="2023-05-18T00:28:32 EDT" skipped="0">
  <testcase classname="framework.testng.test.InvocationCountTest" name="methodc" time="1.621"/>
  <system-out/>
  <testcase classname="framework.testng.test.InvocationCountTest" name="methodA" time="2.498"/>
  <system-out/>
  <testcase classname="framework.testng.test.InvocationCountTest" name="methodb" time="1.732"/>
  <system-out/>
  <testcase classname="framework.testng.test.InvocationCountTest" name="methodb" time="1.785"/>
  <system-out/>
  <testcase classname="framework.testng.test.InvocationCountTest" name="methodA" time="1.909"/>
  <system-out/>
</testsuite> <!-- framework.testng.test.InvocationCountTest -->
